,number,value,datetime_start,datetime_complete,duration,params_colsample_bylevel,params_colsample_bytree,params_gamma,params_learning_rate,params_max_depth,params_min_child_weight,params_n_estimators,params_reg_alpha,params_reg_lambda,params_subsample,state
0,0,0.8235257919520548,2020-11-30 13:09:04.403045,2020-11-30 20:00:43.626127,0 days 06:51:39.223082000,0.61,0.94,5.0,0.13796761807469232,25.0,3.0,508.0,4.0,0.0,0.8,COMPLETE
1,1,0.827433953033268,2020-11-30 13:09:04.419110,2020-11-30 18:59:34.966568,0 days 05:50:30.547458000,0.32,0.89,4.0,0.026043033337724154,10.0,0.0,430.0,2.0,0.0,0.8500000000000001,COMPLETE
2,2,0.8170762750733855,2020-11-30 13:09:04.481013,2020-11-30 15:13:35.089634,0 days 02:04:30.608621000,0.17,0.98,5.0,0.3671694608667682,8.0,1.0,205.0,2.0,4.0,0.91,COMPLETE
3,3,0.8282205540606654,2020-11-30 13:09:04.524104,2020-11-30 13:42:25.139163,0 days 00:33:20.615059000,0.39,0.22,2.0,0.09524263690216919,5.0,2.0,149.0,2.0,3.0,0.74,COMPLETE
4,4,0.8270482968444227,2020-11-30 13:09:04.546736,2020-11-30 16:41:21.630098,0 days 03:32:17.083362000,1.0,0.11,2.0,0.15135597046079136,24.0,5.0,780.0,3.0,4.0,0.58,COMPLETE
5,5,0.8252889554794521,2020-11-30 13:09:04.575203,2020-11-30 15:49:05.345350,0 days 02:40:00.770147000,0.45999999999999996,0.19,3.0,0.08304621213064832,14.0,5.0,458.0,2.0,2.0,0.54,COMPLETE
6,6,0.791089010518591,2020-11-30 13:09:04.603323,2020-11-30 15:00:16.250878,0 days 01:51:11.647555000,0.9,0.74,5.0,0.005132836158254332,2.0,3.0,779.0,5.0,3.0,0.58,COMPLETE
7,7,0.8317373257093934,2020-11-30 13:09:04.633139,2020-11-30 16:40:24.582601,0 days 03:31:19.949462000,0.31,0.65,1.0,0.021250344555539275,7.0,3.0,472.0,3.0,2.0,0.9199999999999999,COMPLETE
8,8,0.8272401693982389,2020-11-30 13:09:04.679584,2020-11-30 19:59:23.734524,0 days 06:50:19.054940000,0.7,0.37,3.0,0.09153910378703696,7.0,1.0,942.0,0.0,3.0,0.63,COMPLETE
9,9,0.826072498776908,2020-11-30 13:09:04.707298,2020-11-30 15:32:59.346923,0 days 02:23:54.639625000,0.42000000000000004,0.11,1.0,0.012008345434140227,5.0,3.0,677.0,3.0,1.0,0.96,COMPLETE
10,10,0.8311510059931507,2020-11-30 13:09:04.732975,2020-11-30 19:32:58.008278,0 days 06:23:53.275303000,0.26,0.65,1.0,0.07143569806535814,21.0,2.0,701.0,1.0,0.0,0.73,COMPLETE
11,11,0.8248937438845401,2020-11-30 13:09:04.762894,2020-11-30 22:13:35.760661,0 days 09:04:30.997767000,0.7,0.82,5.0,0.009775931465988192,11.0,1.0,715.0,1.0,4.0,0.5,COMPLETE
12,12,0.8295877415606654,2020-11-30 13:09:04.764018,2020-11-30 14:19:58.484079,0 days 01:10:53.720061000,0.56,0.53,0.0,0.2650682954722205,7.0,4.0,259.0,0.0,2.0,0.8400000000000001,COMPLETE
13,13,0.8266523208170253,2020-11-30 13:09:04.795952,2020-11-30 20:36:47.182618,0 days 07:27:42.386666000,0.53,0.67,3.0,0.06249526235075157,9.0,3.0,804.0,4.0,4.0,0.71,COMPLETE
14,14,0.828612707925636,2020-11-30 13:09:04.822606,2020-11-30 15:29:30.088439,0 days 02:20:25.265833000,0.99,0.39,1.0,0.14228795386570275,12.0,2.0,246.0,0.0,2.0,0.79,COMPLETE
15,15,0.8282171141144815,2020-11-30 13:09:04.848193,2020-11-30 20:13:31.412000,0 days 07:04:26.563807000,0.49,0.65,4.0,0.09366422917688565,13.0,3.0,558.0,2.0,3.0,0.9199999999999999,COMPLETE
16,16,0.8278257246819962,2020-11-30 13:09:04.903125,2020-12-01 02:01:14.259826,0 days 12:52:09.356701000,0.5700000000000001,0.95,2.0,0.15507664390673176,17.0,2.0,975.0,2.0,4.0,0.74,COMPLETE
17,17,0.8231424290606654,2020-11-30 13:09:04.930053,2020-11-30 15:14:25.294958,0 days 02:05:20.364905000,0.19,0.66,0.0,0.21436069730718077,19.0,3.0,724.0,3.0,3.0,0.55,COMPLETE
18,18,0.8235315251956947,2020-11-30 13:09:04.984034,2020-11-30 13:44:50.565643,0 days 00:35:45.581609000,0.94,0.48,1.0,0.16708407913004467,3.0,1.0,209.0,0.0,2.0,0.53,COMPLETE
19,19,0.8239167991682974,2020-11-30 13:09:04.987491,2020-11-30 15:40:25.224045,0 days 02:31:20.236554000,0.31,0.98,3.0,0.009543094677563554,3.0,1.0,898.0,2.0,4.0,0.69,COMPLETE
20,20,0.8268495443982389,2020-11-30 13:09:05.014979,2020-11-30 18:31:35.064542,0 days 05:22:30.049563000,0.55,0.66,1.0,0.10753840825543158,7.0,0.0,682.0,3.0,5.0,0.63,COMPLETE
21,21,0.8252889554794521,2020-11-30 13:09:05.023433,2020-11-30 16:39:44.846000,0 days 03:30:39.822567000,0.30000000000000004,0.96,1.0,0.010256231723371978,12.0,2.0,334.0,2.0,2.0,0.53,COMPLETE
22,22,0.8278261068982387,2020-11-30 13:09:05.019097,2020-11-30 20:55:24.311600,0 days 07:46:19.292503000,0.52,0.66,3.0,0.0257711358325209,10.0,2.0,777.0,4.0,5.0,0.63,COMPLETE
23,23,0.8219625275195694,2020-11-30 13:09:05.017095,2020-11-30 22:47:04.453204,0 days 09:37:59.436109000,0.23,0.54,4.0,0.0066870020893101635,23.0,2.0,831.0,1.0,3.0,0.61,COMPLETE
24,24,,2020-11-30 13:11:32.607389,,,,,,,,,,,,,RUNNING
25,25,,2020-11-30 13:11:32.636424,,,,,,,,,519.0,5.0,,,RUNNING
26,26,,2020-11-30 13:11:32.667509,,,,,,,,,,,,,RUNNING
27,27,,2020-11-30 13:11:32.695572,,,,,,,,,,,,,RUNNING
28,28,,2020-11-30 13:11:32.723915,,,,,,,,,,,,,RUNNING
29,29,,2020-11-30 13:11:32.753709,,,,,,,,,,,,,RUNNING
30,30,,2020-11-30 13:11:32.786661,,,,,,,,,,,,,RUNNING
31,31,,2020-11-30 13:11:32.818592,,,,,,,,,,,,,RUNNING
32,32,,2020-11-30 13:11:32.846517,,,,,,,,,,,,,RUNNING
33,33,,2020-11-30 13:11:32.874549,,,,,,,,,,,,,RUNNING
34,34,,2020-11-30 13:11:32.904298,,,,,,,,,,,,,RUNNING
35,35,,2020-11-30 13:11:32.934954,,,,,,,,,,,,,RUNNING
36,36,,2020-11-30 13:11:32.963758,,,,,,,,,,,,,RUNNING
37,37,,2020-11-30 13:11:32.993569,,,,,,,,,,,,,RUNNING
38,38,,2020-11-30 13:11:33.022038,,,,,,,,,,,,,RUNNING
39,39,,2020-11-30 13:11:33.054079,,,,,,,,,,,,,RUNNING
40,40,,2020-11-30 13:11:33.084309,,,,,,,,,,,,,RUNNING
41,41,,2020-11-30 13:11:33.113721,,,0.36,0.98,5.0,0.2954735789593527,7.0,5.0,,,4.0,0.63,RUNNING
42,42,,2020-11-30 13:11:33.148431,,,,,,,,,,,,,RUNNING
43,43,,2020-11-30 13:11:33.182872,,,,,,,,,,,,,RUNNING
44,44,,2020-11-30 13:11:33.214897,,,,,,,,,,,,,RUNNING
45,45,,2020-11-30 13:11:33.247344,,,,,,,,,,,,,RUNNING
46,46,,2020-11-30 13:11:33.279570,,,,,,,,,,,,,RUNNING
47,47,,2020-11-30 13:11:33.320696,,,,,,,,,,,,,RUNNING
48,48,0.822161662181996,2020-11-30 13:42:31.902411,2020-11-30 16:36:34.723007,0 days 02:54:02.820596000,0.15000000000000002,0.25,2.0,0.21943802004962862,6.0,1.0,787.0,4.0,2.0,0.61,COMPLETE
49,49,0.8153207558708415,2020-11-30 13:44:59.379322,2020-11-30 16:41:49.290055,0 days 02:56:49.910733000,0.45000000000000007,0.12000000000000001,4.0,0.02048024608295655,17.0,1.0,357.0,5.0,4.0,0.65,COMPLETE
50,50,0.825095936276908,2020-11-30 14:20:15.668820,2020-11-30 15:50:53.574412,0 days 01:30:37.905592000,0.23,0.11,1.0,0.12190089878978266,4.0,4.0,842.0,1.0,5.0,0.74,COMPLETE
51,51,0.828417395425636,2020-11-30 15:00:22.326191,2020-11-30 16:48:40.087968,0 days 01:48:17.761777000,0.14,0.27,3.0,0.020761593887801116,5.0,3.0,771.0,0.0,3.0,0.51,COMPLETE
52,52,0.822752186276908,2020-11-30 15:13:35.730847,2020-11-30 16:26:18.759517,0 days 01:12:43.028670000,0.86,0.11,0.0,0.1840765870474892,20.0,3.0,416.0,3.0,3.0,0.5700000000000001,COMPLETE
53,53,0.8205941933708415,2020-11-30 15:14:25.770550,2020-11-30 23:24:39.036939,0 days 08:10:13.266389000,0.69,0.8099999999999999,3.0,0.2788162643135121,24.0,2.0,603.0,4.0,3.0,0.71,COMPLETE
54,54,0.8213777366682974,2020-11-30 15:29:30.856515,2020-11-30 17:18:15.035017,0 days 01:48:44.178502000,0.43000000000000005,0.27,5.0,0.026582416133872404,4.0,0.0,638.0,4.0,1.0,0.75,COMPLETE
55,55,0.823919474681996,2020-11-30 15:33:00.014689,2020-12-01 01:11:01.902551,0 days 09:38:01.887862000,0.64,0.17,4.0,0.0506100086811082,17.0,0.0,711.0,3.0,5.0,0.6,COMPLETE
56,56,0.8186441261007827,2020-11-30 15:40:27.517067,2020-11-30 19:19:33.872372,0 days 03:39:06.355305000,0.25,0.15000000000000002,5.0,0.014742447179136819,6.0,3.0,997.0,3.0,1.0,0.79,COMPLETE
57,57,0.832517811276908,2020-11-30 15:49:05.699947,2020-11-30 20:36:47.365443,0 days 04:47:41.665496000,0.67,0.76,0.0,0.030985536987949196,24.0,5.0,428.0,0.0,0.0,0.87,COMPLETE
58,58,0.8178647871819962,2020-11-30 15:50:54.248030,2020-11-30 16:30:33.152720,0 days 00:39:38.904690000,0.72,0.37,0.0,0.49503169431711086,11.0,5.0,382.0,0.0,0.0,0.8500000000000001,COMPLETE
59,59,0.8166883255870842,2020-11-30 16:26:19.282363,2020-11-30 17:10:08.150743,0 days 00:43:48.868380000,0.71,0.43000000000000005,0.0,0.46764007503183097,11.0,5.0,349.0,0.0,0.0,0.8400000000000001,COMPLETE
60,60,0.8272420804794519,2020-11-30 16:30:33.674267,2020-11-30 21:38:19.691066,0 days 05:07:46.016799000,0.66,0.38,2.0,0.044383386360741094,13.0,0.0,302.0,0.0,1.0,0.8300000000000001,COMPLETE
61,61,0.8329076718444227,2020-11-30 16:36:35.248681,2020-11-30 19:43:10.818536,0 days 03:06:35.569855000,0.66,0.51,1.0,0.04416046152823273,15.0,4.0,312.0,0.0,1.0,0.8400000000000001,COMPLETE
62,62,0.8331064242906068,2020-11-30 16:39:45.432469,2020-11-30 21:03:22.833315,0 days 04:23:37.400846000,0.65,0.51,0.0,0.038379447276549,16.0,4.0,563.0,0.0,0.0,0.8300000000000001,COMPLETE
63,63,0.8307603809931507,2020-11-30 16:40:24.953121,2020-11-30 21:32:40.739712,0 days 04:52:15.786591000,0.5700000000000001,0.7,0.0,0.026864466491672855,9.0,4.0,582.0,5.0,0.0,1.0,COMPLETE
64,64,0.8301748257093934,2020-11-30 16:41:22.079901,2020-11-30 21:22:21.625523,0 days 04:40:59.545622000,0.62,0.78,0.0,0.03067438124159536,9.0,4.0,566.0,5.0,0.0,0.98,COMPLETE
65,65,0.8329111117906066,2020-11-30 16:41:49.815704,2020-11-30 21:32:05.044837,0 days 04:50:15.229133000,0.62,0.77,0.0,0.03423127123639146,9.0,4.0,615.0,4.0,0.0,0.99,COMPLETE
66,66,0.832716563723092,2020-11-30 16:48:40.494911,2020-11-30 20:36:26.019819,0 days 03:47:45.524908000,0.64,0.79,0.0,0.04577262814626923,8.0,4.0,611.0,4.0,0.0,1.0,COMPLETE
67,67,0.8315431598581213,2020-11-30 17:10:08.856784,2020-11-30 21:07:03.856684,0 days 03:56:54.999900000,0.61,0.65,0.0,0.04004166176179905,8.0,4.0,575.0,4.0,1.0,0.96,COMPLETE
68,68,0.8331041309931507,2020-11-30 17:18:15.733258,2020-11-30 21:47:34.277788,0 days 04:29:18.544530000,0.6,0.6,1.0,0.04631845123809068,9.0,4.0,549.0,1.0,1.0,0.8300000000000001,COMPLETE
69,69,0.832129479574364,2020-11-30 18:31:35.597719,2020-11-30 22:05:09.160669,0 days 03:33:33.562950000,0.58,0.58,0.0,0.04416662833468949,9.0,4.0,536.0,1.0,1.0,0.8200000000000001,COMPLETE
70,70,0.8301729146281801,2020-11-30 18:59:35.558808,2020-11-30 22:26:44.351908,0 days 03:27:08.793100000,0.62,0.5700000000000001,0.0,0.04848987451342471,9.0,4.0,512.0,1.0,1.0,0.8,COMPLETE
71,71,0.8313451718444227,2020-11-30 19:19:34.496453,2020-11-30 23:35:29.805303,0 days 04:15:55.308850000,0.59,0.56,0.0,0.04032115063773624,9.0,4.0,563.0,1.0,1.0,1.0,COMPLETE
72,72,0.831151770425636,2020-11-30 19:32:58.592885,2020-11-30 23:35:25.783445,0 days 04:02:27.190560000,0.55,0.59,0.0,0.055422500567659044,15.0,4.0,555.0,1.0,1.0,0.97,COMPLETE
73,73,0.8331045132093934,2020-11-30 19:43:11.475796,2020-12-01 03:12:23.087012,0 days 07:29:11.611216000,0.67,0.63,2.0,0.039160490508446964,24.0,4.0,573.0,1.0,1.0,0.99,COMPLETE
74,74,0.8329103473581213,2020-11-30 19:59:24.912479,2020-12-01 03:00:36.793178,0 days 07:01:11.880699000,0.64,0.62,2.0,0.04495199871719704,25.0,4.0,549.0,1.0,1.0,0.97,COMPLETE
75,75,0.8313474651418786,2020-11-30 20:00:45.058267,2020-12-01 01:14:00.122806,0 days 05:13:15.064539000,0.1,0.63,2.0,0.051893853357505106,15.0,4.0,590.0,1.0,1.0,0.9299999999999999,COMPLETE
76,76,0.8309541646281801,2020-11-30 20:13:32.461516,2020-12-01 03:08:34.657610,0 days 06:55:02.196094000,0.65,0.83,2.0,0.04633183591192717,24.0,4.0,538.0,1.0,1.0,0.9,COMPLETE
77,77,0.8307569410469668,2020-11-30 20:36:47.185279,2020-12-01 02:00:03.428864,0 days 05:23:16.243585000,0.64,0.86,0.0,0.04050932829691793,25.0,4.0,551.0,1.0,1.0,1.0,COMPLETE
78,78,0.832323645425636,2020-11-30 20:36:48.285895,2020-12-01 01:45:30.043302,0 days 05:08:41.757407000,0.65,0.86,0.0,0.04035195025208812,25.0,4.0,502.0,1.0,1.0,0.98,COMPLETE
79,79,0.8290006574119374,2020-11-30 20:36:48.259402,2020-12-01 01:53:32.532153,0 days 05:16:44.272751000,0.65,0.87,0.0,0.042092917551227106,16.0,4.0,546.0,1.0,1.0,0.98,COMPLETE
80,80,0.8319307271281801,2020-11-30 20:55:24.838370,2020-12-01 02:15:30.716571,0 days 05:20:05.878201000,0.66,0.86,0.0,0.04144719911553122,15.0,4.0,560.0,1.0,1.0,1.0,COMPLETE
81,81,0.8319334026418786,2020-11-30 21:03:23.600966,2020-12-01 02:17:04.342898,0 days 05:13:40.741932000,0.64,0.83,0.0,0.040350052021254,16.0,4.0,533.0,1.0,1.0,1.0,COMPLETE
82,82,0.8321256574119374,2020-11-30 21:07:04.662626,2020-12-01 02:35:09.389332,0 days 05:28:04.726706000,0.78,0.88,0.0,0.0425731006138633,16.0,4.0,607.0,1.0,0.0,1.0,COMPLETE
83,83,0.8346677776418787,2020-11-30 21:22:22.363425,2020-12-01 02:01:14.394046,0 days 04:38:52.030621000,0.77,0.86,0.0,0.045854360044533464,16.0,4.0,491.0,1.0,0.0,0.88,COMPLETE
84,84,0.8317338857632095,2020-11-30 21:32:05.886184,2020-12-01 02:49:01.920711,0 days 05:16:56.034527000,0.8099999999999999,0.87,0.0,0.0485782147864419,16.0,4.0,616.0,1.0,1.0,1.0,COMPLETE
85,85,0.8331029843444228,2020-11-30 21:32:41.185954,2020-12-01 03:50:56.951027,0 days 06:18:15.765073000,0.83,0.84,2.0,0.04779488828044236,16.0,4.0,523.0,1.0,1.0,0.9,COMPLETE
86,86,0.8309530179794521,2020-11-30 21:38:20.194207,2020-11-30 23:16:40.218942,0 days 01:38:20.024735000,0.8,0.9,0.0,0.05427280318522018,15.0,4.0,109.0,1.0,1.0,0.87,COMPLETE
87,87,0.83232135212818,2020-11-30 21:47:35.281737,2020-12-01 03:51:17.578329,0 days 06:03:42.296592000,0.8,0.87,2.0,0.05763660345898087,15.0,4.0,523.0,1.0,1.0,0.89,COMPLETE
88,88,0.8309560757093933,2020-11-30 22:05:09.507308,2020-12-01 04:15:47.146588,0 days 06:10:37.639280000,0.76,0.86,2.0,0.0573570472450194,15.0,4.0,623.0,1.0,0.0,0.88,COMPLETE
89,89,0.8289991285469668,2020-11-30 22:13:36.625221,2020-12-01 04:17:28.418949,0 days 06:03:51.793728000,0.79,0.87,2.0,0.06188310202961254,15.0,4.0,638.0,1.0,0.0,0.9,COMPLETE
90,90,0.8319311093444227,2020-11-30 22:26:44.905047,2020-12-01 04:12:53.688728,0 days 05:46:08.783681000,0.77,0.9,2.0,0.06115401153505663,15.0,5.0,625.0,1.0,0.0,0.88,COMPLETE
91,91,0.8305639218444227,2020-11-30 22:47:05.128279,2020-12-01 03:29:35.986110,0 days 04:42:30.857831000,0.78,0.87,1.0,0.06017133888594853,15.0,5.0,484.0,1.0,0.0,0.9,COMPLETE
92,92,0.8317384723581214,2020-11-30 23:16:40.608326,2020-12-01 04:15:50.337032,0 days 04:59:09.728706000,0.78,0.83,1.0,0.035949173896948634,16.0,5.0,626.0,4.0,0.0,0.89,COMPLETE
93,93,0.8317365612769081,2020-11-30 23:24:40.068631,2020-12-01 03:33:19.490639,0 days 04:08:39.422008000,0.73,0.48,1.0,0.036680343515461865,15.0,5.0,478.0,5.0,0.0,0.89,COMPLETE
