,number,value,datetime_start,datetime_complete,duration,params_colsample_bylevel,params_colsample_bytree,params_gamma,params_learning_rate,params_max_depth,params_min_child_weight,params_n_estimators,params_reg_alpha,params_reg_lambda,params_subsample,state
0,0,0.8264600660469668,2020-11-28 21:28:29.872443,2020-11-29 12:56:21.050035,0 days 15:27:51.177592,0.6,0.64,5.0,0.17334135582154447,24.0,5.0,943.0,0.0,5.0,0.98,COMPLETE
1,1,0.8215722847358121,2020-11-28 21:28:29.882648,2020-11-29 07:13:32.356881,0 days 09:45:02.474233,0.79,0.58,2.0,0.25030196935015825,25.0,4.0,989.0,0.0,1.0,0.54,COMPLETE
2,2,0.8245035011007827,2020-11-28 21:28:29.895023,2020-11-29 02:15:27.825994,0 days 04:46:57.930971,0.33999999999999997,0.67,4.0,0.029240882650946706,13.0,5.0,414.0,1.0,3.0,0.73,COMPLETE
3,3,0.8235288496819961,2020-11-28 21:28:29.936422,2020-11-29 10:38:19.926535,0 days 13:09:49.990113,0.83,0.56,2.0,0.007614192012659917,15.0,2.0,780.0,4.0,5.0,0.62,COMPLETE
4,4,0.8184438447896282,2020-11-28 21:28:29.960312,2020-11-28 22:50:59.213195,0 days 01:22:29.252883,0.58,0.16,1.0,0.34938562219484565,21.0,1.0,123.0,3.0,4.0,0.79,COMPLETE
5,5,0.8247041646281801,2020-11-28 21:28:29.988477,2020-11-29 00:47:36.517421,0 days 03:19:06.528944,0.74,0.85,0.0,0.1949193957472789,13.0,1.0,460.0,3.0,3.0,0.6799999999999999,COMPLETE
6,6,0.8223523880870841,2020-11-28 21:28:30.037577,2020-11-29 00:56:20.755587,0 days 03:27:50.718010,0.9,0.62,3.0,0.24034054585970474,3.0,2.0,619.0,5.0,5.0,0.86,COMPLETE
7,7,0.8227449241682974,2020-11-28 21:28:30.064998,2020-11-29 01:40:09.772373,0 days 04:11:39.707375,0.19,0.52,2.0,0.014000570099968282,11.0,1.0,476.0,2.0,5.0,0.55,COMPLETE
8,8,0.8231412824119374,2020-11-28 21:28:30.077461,2020-11-28 23:45:20.403997,0 days 02:16:50.326536,0.45999999999999996,0.48,1.0,0.023085263493292117,2.0,5.0,769.0,0.0,1.0,0.55,COMPLETE
9,9,0.8194257583170254,2020-11-28 21:28:30.075069,2020-11-29 00:21:31.430629,0 days 02:53:01.355560,0.91,0.64,4.0,0.44585040047754904,5.0,0.0,296.0,1.0,3.0,0.55,COMPLETE
10,10,0.8248968016144813,2020-11-28 21:28:30.076440,2020-11-29 05:16:58.010629,0 days 07:48:27.934189,0.82,0.67,4.0,0.06336418381558025,16.0,2.0,350.0,1.0,1.0,1.0,COMPLETE
11,11,0.8223539169520547,2020-11-28 21:28:30.068366,2020-11-29 08:22:47.041307,0 days 10:54:16.972941,0.2,0.9,3.0,0.006544405512644387,22.0,3.0,846.0,5.0,4.0,0.79,COMPLETE
12,12,0.8282197896281801,2020-11-28 21:28:30.137113,2020-11-29 03:56:33.310417,0 days 06:28:03.173304,0.33999999999999997,0.99,2.0,0.13122737616987748,22.0,1.0,331.0,1.0,4.0,0.8300000000000001,COMPLETE
13,13,0.82841510212818,2020-11-28 21:28:30.164474,2020-11-29 03:44:11.207019,0 days 06:15:41.042545,0.73,0.78,2.0,0.015022446811207171,22.0,5.0,415.0,0.0,3.0,0.67,COMPLETE
14,14,0.8247026357632092,2020-11-28 21:28:30.069209,2020-11-28 22:55:23.636211,0 days 01:26:53.567002,0.67,0.72,1.0,0.09311950211844884,2.0,4.0,350.0,2.0,5.0,0.78,COMPLETE
15,15,0.8186441261007827,2020-11-28 21:28:30.063053,2020-11-29 03:12:33.534113,0 days 05:44:03.471060,0.79,0.4,2.0,0.3258163555531716,23.0,4.0,378.0,0.0,0.0,0.99,COMPLETE
16,16,0.8194265227495107,2020-11-28 21:28:30.221931,2020-11-29 01:09:54.651795,0 days 03:41:24.429864,0.93,0.73,5.0,0.31385276024106673,12.0,5.0,302.0,2.0,0.0,0.51,COMPLETE
17,17,0.8121934625733855,2020-11-28 21:28:30.226348,2020-11-28 23:05:10.762891,0 days 01:36:40.536543,0.17,0.6799999999999999,3.0,0.010765800296065718,5.0,5.0,264.0,4.0,3.0,0.8400000000000001,COMPLETE
18,18,0.8188405852495106,2020-11-28 21:28:30.078889,2020-11-28 22:48:45.116224,0 days 01:20:15.037335,0.39,0.12000000000000001,4.0,0.06357184314886193,2.0,0.0,810.0,3.0,1.0,0.96,COMPLETE
19,19,0.8178621116682974,2020-11-28 21:28:30.269039,2020-11-29 00:58:44.677148,0 days 03:30:14.408109,0.88,0.51,3.0,0.007715705328245861,14.0,5.0,240.0,2.0,2.0,0.65,COMPLETE
20,20,0.8233335371819962,2020-11-28 21:28:30.271586,2020-11-29 01:18:38.626027,0 days 03:50:08.354441,0.4,0.22,2.0,0.0726464730599639,22.0,5.0,591.0,0.0,1.0,0.66,COMPLETE
21,21,0.8170812438845401,2020-11-28 21:28:30.275241,2020-11-28 22:51:32.971695,0 days 01:23:02.696454,0.53,0.63,4.0,0.008943867060028527,6.0,4.0,124.0,0.0,1.0,0.89,COMPLETE
22,22,0.8221608977495108,2020-11-28 21:28:30.317036,2020-11-29 01:00:13.797699,0 days 03:31:43.480663,0.94,0.89,2.0,0.016712723710715117,25.0,2.0,148.0,2.0,5.0,0.62,COMPLETE
23,23,0.8205949578033268,2020-11-28 21:28:30.313496,2020-11-28 23:56:57.674217,0 days 02:28:27.360721,0.28,0.49,1.0,0.009625532816820563,12.0,3.0,187.0,1.0,3.0,0.86,COMPLETE
24,24,0.8237249266144815,2020-11-28 22:48:46.273359,2020-11-29 00:41:06.414026,0 days 01:52:20.140667,0.2,0.88,1.0,0.03643038402007812,3.0,4.0,554.0,4.0,4.0,0.65,COMPLETE
25,25,0.8053552317759296,2020-11-28 22:51:00.097065,2020-11-29 01:15:51.750266,0 days 02:24:51.653201,0.41000000000000003,0.5,2.0,0.00598651998655382,2.0,3.0,964.0,0.0,3.0,0.8200000000000001,COMPLETE
26,26,0.8231370780332681,2020-11-28 22:51:34.425024,2020-11-29 05:17:35.561363,0 days 06:26:01.136339,0.48,0.36,5.0,0.06797991004496108,20.0,1.0,508.0,1.0,5.0,0.6799999999999999,COMPLETE
27,27,0.8188405852495106,2020-11-28 22:55:38.196631,2020-11-29 02:42:09.970786,0 days 03:46:31.774155,0.95,0.36,5.0,0.247040540454363,15.0,4.0,307.0,3.0,3.0,0.81,COMPLETE
28,28,0.824310099681996,2020-11-28 23:05:12.176142,2020-11-29 04:58:19.659420,0 days 05:53:07.483278,0.65,0.64,3.0,0.023806246255613856,7.0,2.0,589.0,4.0,3.0,0.65,COMPLETE
29,29,0.81844843138454,2020-11-28 23:45:50.450463,2020-11-29 01:12:59.652683,0 days 01:27:09.202220,0.49,0.42000000000000004,4.0,0.024788734128729163,3.0,4.0,507.0,3.0,2.0,0.56,COMPLETE
30,30,0.8254827391144814,2020-11-28 23:56:58.833899,2020-11-29 02:49:43.043640,0 days 02:52:44.209741,0.66,0.18,4.0,0.043383208205927525,16.0,4.0,385.0,1.0,3.0,0.8400000000000001,COMPLETE
31,31,0.8200067270058709,2020-11-29 00:21:32.515286,2020-11-29 04:29:41.640186,0 days 04:08:09.124900,0.97,0.75,4.0,0.1480723257602481,13.0,3.0,313.0,5.0,2.0,0.59,COMPLETE
32,32,0.8286100324119374,2020-11-29 00:41:07.093679,2020-11-29 05:15:28.007964,0 days 04:34:20.914285,0.30000000000000004,0.53,0.0,0.022697282976441586,19.0,4.0,725.0,2.0,4.0,0.6,COMPLETE
33,33,0.8237245443982386,2020-11-29 00:47:37.415195,2020-11-29 03:37:28.124407,0 days 02:49:50.709212,0.12000000000000001,0.42000000000000004,5.0,0.429930356951413,8.0,1.0,649.0,3.0,5.0,0.96,COMPLETE
34,34,0.8260698232632094,2020-11-29 00:56:21.892995,2020-11-29 14:55:24.225623,0 days 13:59:02.332628,0.96,0.96,0.0,0.0060313160056361175,9.0,5.0,919.0,5.0,3.0,0.78,COMPLETE
35,35,,2020-11-29 00:58:51.405827,,,,,,,,,,,,,RUNNING
36,36,0.824505412181996,2020-11-29 01:00:41.444137,2020-11-29 07:05:43.419133,0 days 06:05:01.974996,0.8,0.55,3.0,0.0657786182213006,10.0,2.0,485.0,2.0,5.0,0.6799999999999999,COMPLETE
37,37,0.7975366163160469,2020-11-29 01:09:55.651742,2020-11-29 02:02:26.781845,0 days 00:52:31.130103,0.33999999999999997,0.24000000000000002,5.0,0.006585787405511032,15.0,3.0,167.0,5.0,2.0,0.59,COMPLETE
38,38,0.8284147199119374,2020-11-29 01:13:09.258390,2020-11-29 16:58:44.068218,0 days 15:45:34.809828,0.8099999999999999,0.7,1.0,0.006175613939862293,22.0,5.0,893.0,2.0,3.0,0.8500000000000001,COMPLETE
39,39,0.824308953033268,2020-11-29 01:15:52.850057,2020-11-29 02:59:07.938972,0 days 01:43:15.088915,0.44000000000000006,0.39,0.0,0.019441277033174862,9.0,3.0,199.0,2.0,2.0,0.95,COMPLETE
40,40,0.8266592007093934,2020-11-29 01:18:39.698668,2020-11-29 04:35:48.194763,0 days 03:17:08.496095,0.83,0.4,4.0,0.0880544312550124,14.0,3.0,291.0,1.0,0.0,0.74,COMPLETE
41,41,0.8264608304794521,2020-11-29 01:40:10.031079,2020-11-29 02:42:38.240086,0 days 01:02:28.209007,0.21000000000000002,0.9,1.0,0.04651455312247326,3.0,2.0,371.0,0.0,5.0,0.72,COMPLETE
42,42,0.8223531525195694,2020-11-29 02:02:27.701039,2020-11-29 06:38:30.282314,0 days 04:36:02.581275,0.28,0.98,5.0,0.06651271509936603,20.0,5.0,373.0,3.0,3.0,0.91,COMPLETE
43,43,0.8280240949119374,2020-11-29 02:15:29.305723,2020-11-29 06:04:13.748372,0 days 03:48:44.442649,0.7,0.98,0.0,0.14472184718844688,17.0,1.0,391.0,4.0,4.0,0.72,COMPLETE
44,44,0.8284158665606653,2020-11-29 02:42:10.643894,2020-11-29 06:07:45.546200,0 days 03:25:34.902306,0.7,0.78,0.0,0.1578443827786025,9.0,1.0,411.0,1.0,4.0,0.72,COMPLETE
45,45,0.8274393040606653,2020-11-29 02:42:38.691705,2020-11-29 06:00:42.219647,0 days 03:18:03.527942,0.71,0.97,0.0,0.1242481965731881,8.0,1.0,400.0,4.0,4.0,0.72,COMPLETE
46,46,0.8282174963307242,2020-11-29 02:49:43.914016,2020-11-29 07:21:10.725039,0 days 04:31:26.811023,0.75,0.97,0.0,0.14050150224155314,19.0,1.0,397.0,1.0,4.0,0.72,COMPLETE
47,47,0.8290037151418786,2020-11-29 02:59:08.650955,2020-11-29 08:06:41.169061,0 days 05:07:32.518106,0.76,1.0,0.0,0.1175930588808595,18.0,1.0,405.0,1.0,4.0,0.75,COMPLETE
48,48,0.8311525348581214,2020-11-29 03:12:34.902821,2020-11-29 08:13:40.345854,0 days 05:01:05.443033,0.72,0.99,0.0,0.13359412892727443,18.0,1.0,442.0,1.0,4.0,0.73,COMPLETE
49,49,0.829785729574364,2020-11-29 03:37:28.708961,2020-11-29 07:59:18.088007,0 days 04:21:49.379046,0.72,0.96,0.0,0.13959144402590054,20.0,2.0,448.0,1.0,4.0,0.72,COMPLETE
50,50,0.8272424626956948,2020-11-29 03:44:12.210134,2020-11-29 09:31:22.240058,0 days 05:47:10.029924,0.62,1.0,0.0,0.12243626739695966,19.0,2.0,703.0,1.0,4.0,0.72,COMPLETE
51,51,0.8305650684931507,2020-11-29 03:56:34.433201,2020-11-29 06:49:05.517033,0 days 02:52:31.083832,0.26,1.0,0.0,0.1285704875660962,18.0,2.0,432.0,1.0,4.0,0.72,COMPLETE
52,52,0.831152917074364,2020-11-29 04:29:42.463747,2020-11-29 07:47:17.470761,0 days 03:17:35.007014,0.30000000000000004,0.96,0.0,0.11067074200289896,19.0,2.0,433.0,1.0,4.0,0.71,COMPLETE
53,53,,2020-11-29 04:35:49.751546,,,,,,,,,,,,,RUNNING
54,54,0.8239206213307242,2020-11-29 04:58:20.884932,2020-11-29 13:08:44.855612,0 days 08:10:23.970680,0.8099999999999999,1.0,2.0,0.1220067558804744,18.0,2.0,429.0,1.0,4.0,0.74,COMPLETE
55,55,0.8290014218444227,2020-11-29 05:15:29.819920,2020-11-29 11:06:24.767900,0 days 05:50:54.947980,0.82,0.98,0.0,0.12053232058934445,20.0,3.0,728.0,1.0,4.0,0.74,COMPLETE
56,56,0.8290014218444227,2020-11-29 05:16:59.621472,2020-11-29 09:27:28.297892,0 days 04:10:28.676420,0.29000000000000004,0.97,0.0,0.12425137101365478,19.0,3.0,691.0,1.0,4.0,0.73,COMPLETE
57,57,0.8288049626956948,2020-11-29 05:17:37.287815,2020-11-29 09:36:36.514566,0 days 04:18:59.226751,0.30000000000000004,0.82,0.0,0.10540320202231764,19.0,3.0,716.0,1.0,4.0,0.73,COMPLETE
58,58,0.8293943401418786,2020-11-29 06:00:44.424115,2020-11-29 11:41:52.876104,0 days 05:41:08.451989,0.6,1.0,0.0,0.1512663063425822,19.0,0.0,426.0,1.0,4.0,0.72,COMPLETE
59,59,0.8291978809931507,2020-11-29 06:04:15.555063,2020-11-29 11:40:11.257588,0 days 05:35:55.702525,0.59,0.95,0.0,0.17441521905954277,19.0,0.0,683.0,1.0,4.0,0.7,COMPLETE
60,60,,2020-11-29 06:07:45.865849,,,,,,,,,,,,,RUNNING
61,61,,2020-11-29 06:38:31.345021,,,,,,,,,,,,,RUNNING
62,62,,2020-11-29 06:49:06.440584,,,,,,,,,,,,,RUNNING
63,63,,2020-11-29 07:05:44.354098,,,,,,,,,,,,,RUNNING
64,64,0.8254850324119374,2020-11-29 07:13:32.980303,2020-11-29 12:18:39.907341,0 days 05:05:06.927038,0.6,0.8,0.0,0.1932985586047533,18.0,0.0,750.0,1.0,4.0,0.76,COMPLETE
65,65,,2020-11-29 07:21:11.354926,,,,,,,,,,,,,RUNNING
66,66,,2020-11-29 07:47:18.752791,,,,,,,,,,,,,RUNNING
67,67,0.8288061093444228,2020-11-29 07:59:18.812632,2020-11-29 11:30:05.508471,0 days 03:30:46.695839,0.61,0.79,0.0,0.19304802872747656,18.0,2.0,446.0,1.0,4.0,0.78,COMPLETE
68,68,0.8286111790606654,2020-11-29 08:06:41.641917,2020-11-29 11:30:28.138644,0 days 03:23:46.496727,0.5700000000000001,0.94,0.0,0.20135425223925973,18.0,2.0,453.0,1.0,4.0,0.78,COMPLETE
69,69,0.8270479146281801,2020-11-29 08:13:40.942718,2020-11-29 12:44:47.332355,0 days 04:31:06.389637,0.83,0.92,0.0,0.2107550908812979,18.0,0.0,446.0,1.0,4.0,0.77,COMPLETE
70,70,0.826659582925636,2020-11-29 08:22:47.973808,2020-11-29 12:02:31.544901,0 days 03:39:43.571093,0.6,0.84,0.0,0.1859805660941113,18.0,2.0,449.0,1.0,4.0,0.76,COMPLETE
71,71,,2020-11-29 09:27:30.041386,,,,,,,,,,,,,RUNNING
72,72,,2020-11-29 09:31:22.802530,,,,,,,,,,,,,RUNNING
73,73,,2020-11-29 09:36:37.087808,,,,,,,,,,,,,RUNNING
74,74,0.8286119434931507,2020-11-29 10:38:21.256188,2020-11-29 15:28:20.699941,0 days 04:49:59.443753,0.59,0.92,0.0,0.18465924521759633,17.0,0.0,450.0,1.0,4.0,0.76,COMPLETE
75,75,,2020-11-29 11:06:26.007725,,,,,,,,,,,,,RUNNING
76,76,,2020-11-29 11:30:06.481684,,,,,,,,,,,,,RUNNING
77,77,,2020-11-29 11:30:29.327676,,,,,,,,,,,,,RUNNING
78,78,,2020-11-29 11:40:12.043843,,,,,,,,,,,,,RUNNING
79,79,,2020-11-29 11:41:54.227742,,,,,,,,,,,,,RUNNING
80,80,,2020-11-29 12:02:32.995040,,,,,,,,,,,,,RUNNING
81,81,,2020-11-29 12:18:41.431152,,,,,,,,,,,,,RUNNING
82,82,,2020-11-29 12:44:49.104118,,,,,,,,,,,,,RUNNING
83,83,,2020-11-29 12:56:21.791354,,,,,,,,,,,,,RUNNING
84,84,,2020-11-29 13:08:45.675835,,,,,,,,,,,,,RUNNING
85,85,,2020-11-29 14:55:49.284144,,,,,,,,,,,,,RUNNING
86,86,,2020-11-29 15:28:21.567182,,,,,,,,,,,,,RUNNING
87,87,,2020-11-29 16:58:45.460317,,,,,,,,,,,,,RUNNING
