,number,value,datetime_start,datetime_complete,duration,params_colsample_bylevel,params_colsample_bytree,params_gamma,params_learning_rate,params_max_depth,params_min_child_weight,params_n_estimators,params_reg_alpha,params_reg_lambda,params_subsample,state
0,0,0.8228864380516873,2020-11-24 10:15:24.288817,2020-11-24 14:51:51.295373,0 days 04:36:27.006556000,0.39,0.63,0,0.01553270373813379,24,3,942,1,0,0.7,COMPLETE
1,1,0.79844818659514,2020-11-24 10:15:24.351015,2020-11-24 10:23:03.433068,0 days 00:07:39.082053000,0.42000000000000004,0.21000000000000002,1,0.025108510979645105,3,3,127,1,2,0.74,COMPLETE
2,2,0.8152878083226376,2020-11-24 10:15:24.434305,2020-11-24 17:21:29.635024,0 days 07:06:05.200719000,0.87,0.36,3,0.3951190094149751,19,2,882,3,4,0.8,COMPLETE
3,3,0.8218982933447808,2020-11-24 10:15:24.477447,2020-11-24 11:34:13.674757,0 days 01:18:49.197310000,0.47,0.52,2,0.017113063288227485,19,5,194,1,2,0.8500000000000001,COMPLETE
4,4,0.8219054436883401,2020-11-24 10:15:24.523808,2020-11-24 12:05:14.901864,0 days 01:49:50.378056000,0.48,0.26,0,0.007930112715659573,13,5,448,0,4,0.74,COMPLETE
5,5,0.8150510297886292,2020-11-24 10:15:24.607292,2020-11-24 13:54:05.471219,0 days 03:38:40.863927000,0.75,0.99,2,0.20889964997361984,5,1,766,2,2,0.5,COMPLETE
6,6,0.8223723910369436,2020-11-24 10:15:24.618908,2020-11-24 12:27:11.974672,0 days 02:11:47.355764000,0.59,0.78,4,0.06445900062883121,4,0,587,1,4,0.99,COMPLETE
7,7,0.8099296109381946,2020-11-24 10:15:24.618200,2020-11-24 12:18:59.146098,0 days 02:03:34.527898000,0.45000000000000007,0.12000000000000001,3,0.1663775866539445,21,1,683,5,0,0.61,COMPLETE
8,8,0.8162789405037671,2020-11-24 10:15:24.664337,2020-11-24 14:15:44.887514,0 days 04:00:20.223177000,0.36,0.21000000000000002,5,0.26802746869416016,20,3,1000,5,3,0.9,COMPLETE
9,9,0.8245836200587655,2020-11-24 10:15:24.690109,2020-11-24 11:49:20.174780,0 days 01:33:55.484671000,0.54,0.61,3,0.025583989650580567,19,5,232,0,0,0.5,COMPLETE
10,10,0.8138410416618846,2020-11-24 10:15:24.716462,2020-11-24 11:02:20.191526,0 days 00:46:55.475064000,0.38,0.45999999999999996,0,0.009976546644176857,6,4,206,1,3,0.8200000000000001,COMPLETE
11,11,0.8224069733351553,2020-11-24 10:15:24.719577,2020-11-24 10:56:59.306214,0 days 00:41:34.586637000,0.69,0.54,0,0.08116567777983998,6,5,171,5,4,0.6,COMPLETE
12,12,0.8219126203629165,2020-11-24 10:15:24.718761,2020-11-24 13:31:09.006259,0 days 03:15:44.287498000,0.45999999999999996,0.26,5,0.013467725387254128,20,3,646,0,3,0.8200000000000001,COMPLETE
13,13,0.8091919869016821,2020-11-24 10:15:24.791048,2020-11-24 11:28:29.741767,0 days 01:13:04.950719000,0.6799999999999999,0.13,1,0.3635105136457323,6,0,485,3,2,0.62,COMPLETE
14,14,0.8106774487547872,2020-11-24 10:15:24.803220,2020-11-24 11:43:51.925370,0 days 01:28:27.122150000,0.28,0.37,0,0.009585104678927692,23,0,213,5,3,0.73,COMPLETE
15,15,0.8196953869448992,2020-11-24 10:15:24.791904,2020-11-24 12:17:25.248771,0 days 02:02:00.456867000,0.45999999999999996,0.94,2,0.12378859046890205,19,0,181,5,5,0.75,COMPLETE
16,16,0.8182474656744153,2020-11-24 10:15:24.834908,2020-11-24 11:05:08.007728,0 days 00:49:43.172820000,0.15000000000000002,0.48,1,0.027656979985649602,4,0,507,2,4,0.5,COMPLETE
17,17,0.8140891419851771,2020-11-24 10:15:24.793750,2020-11-24 13:55:26.734883,0 days 03:40:01.941133000,0.53,0.16,4,0.006758401467581354,14,2,816,5,3,0.87,COMPLETE
18,18,0.8223855370283525,2020-11-24 10:23:11.974758,2020-11-24 11:45:22.473461,0 days 01:22:10.498703000,0.79,0.49,3,0.05664919372828395,2,3,863,3,0,0.89,COMPLETE
19,19,0.814324122562099,2020-11-24 10:56:59.892607,2020-11-24 12:20:16.199004,0 days 01:23:16.306397000,0.31,0.14,4,0.054739276238806436,13,5,857,4,3,0.56,COMPLETE
20,20,0.8211612102763299,2020-11-24 11:02:21.040441,2020-11-24 19:06:27.937544,0 days 08:04:06.897103000,0.87,0.56,0,0.02398867247284392,19,2,839,5,5,0.97,COMPLETE
21,21,0.8123812549472167,2020-11-24 11:05:08.821699,2020-11-24 12:43:14.188555,0 days 01:38:05.366856000,0.42000000000000004,0.24000000000000002,2,0.3440239033378504,22,1,372,4,2,0.8200000000000001,COMPLETE
22,22,0.817020806144731,2020-11-24 11:28:30.507501,2020-11-24 12:06:10.140059,0 days 00:37:39.632558000,0.15000000000000002,0.82,5,0.07760757318724973,3,3,553,2,0,0.73,COMPLETE
23,23,0.8221404156028947,2020-11-24 11:34:14.173852,2020-11-24 15:16:33.011083,0 days 03:42:18.837231000,0.83,0.7,5,0.07349782182450863,6,3,711,1,2,0.52,COMPLETE
24,24,0.8228930125197792,2020-11-24 11:43:52.760657,2020-11-24 15:36:21.161872,0 days 03:52:28.401215000,0.42000000000000004,0.38,2,0.04432873311549893,12,3,744,1,3,0.87,COMPLETE
25,25,0.8157940647631989,2020-11-24 11:45:23.222225,2020-11-24 12:41:14.993892,0 days 00:55:51.771667000,0.26,0.99,0,0.34566049969854074,9,1,928,2,0,0.8400000000000001,COMPLETE
26,26,0.8221433826356505,2020-11-24 11:49:21.020760,2020-11-24 17:52:16.990590,0 days 06:02:55.969830000,0.96,1.0,4,0.03710097902608038,24,5,514,1,5,0.8200000000000001,COMPLETE
27,27,0.8213997513441461,2020-11-24 12:05:15.557899,2020-11-25 00:46:19.840724,0 days 12:41:04.282825000,0.91,0.85,5,0.1532654370923005,16,2,751,0,0,0.99,COMPLETE
28,28,0.8145704219835299,2020-11-24 12:06:10.488144,2020-11-24 14:08:27.469609,0 days 02:02:16.981465000,0.66,0.77,4,0.19857374374089115,13,5,343,5,5,0.51,COMPLETE
29,29,0.8179862691629524,2020-11-24 12:17:26.353198,2020-11-24 14:29:08.179974,0 days 02:11:41.826776000,0.94,0.7,4,0.2553551011475554,13,5,340,4,5,0.5,COMPLETE
30,30,0.8158000779937196,2020-11-24 12:18:59.461136,2020-11-24 14:28:32.046176,0 days 02:09:32.585040000,0.91,0.6799999999999999,5,0.039079255064601456,12,5,313,4,5,0.5,COMPLETE
31,31,0.8184812711141601,2020-11-24 12:20:17.393743,2020-11-24 15:55:04.314085,0 days 03:34:46.920342000,0.97,0.7,4,0.2937579732732259,10,4,353,0,5,0.99,COMPLETE
32,32,0.8121015424752009,2020-11-24 12:27:12.234911,2020-11-24 14:35:20.549336,0 days 02:08:08.314425000,0.85,0.67,4,0.34505231133817826,10,4,342,0,1,0.5,COMPLETE
33,33,0.8192237009374704,2020-11-24 12:41:15.738446,2020-11-24 15:27:49.191188,0 days 02:46:33.452742000,0.97,0.66,4,0.033211275245692465,16,4,344,0,5,0.51,COMPLETE
34,34,0.821899494812975,2020-11-24 12:43:14.803208,2020-11-24 15:11:42.792397,0 days 02:28:27.989189000,0.99,0.66,4,0.03106420441611201,16,4,310,0,5,0.5,COMPLETE
35,35,0.8153164329111592,2020-11-24 13:31:10.256484,2020-11-24 16:23:48.555619,0 days 02:52:38.299135000,0.88,0.66,4,0.03096846748431624,25,4,360,4,5,0.5,COMPLETE
36,36,0.8150612086613036,2020-11-24 13:54:06.862598,2020-11-24 16:48:29.099769,0 days 02:54:22.237171000,0.93,0.65,4,0.031717234119429054,15,4,331,4,5,0.5700000000000001,COMPLETE
37,37,0.8206757907948828,2020-11-24 13:55:27.581456,2020-11-24 16:29:44.103371,0 days 02:34:16.521915000,0.99,0.65,3,0.032730575067440024,16,4,294,4,1,0.56,COMPLETE
38,38,0.8218875591240853,2020-11-24 14:08:28.760190,2020-11-25 00:22:58.560971,0 days 10:14:29.800781000,0.99,0.66,3,0.03262805479488759,16,4,997,4,1,0.97,COMPLETE
39,39,0.8221290381208224,2020-11-24 14:15:45.611081,2020-11-24 18:02:59.742633,0 days 03:47:14.131552000,0.94,0.65,3,0.035436042115808336,16,4,310,3,1,0.99,COMPLETE
40,40,0.8187197683542669,2020-11-24 14:28:33.008446,2020-11-24 17:39:41.356089,0 days 03:11:08.347643000,0.86,0.62,3,0.10782099753620476,25,4,280,3,1,0.99,COMPLETE
41,41,0.8196888182803782,2020-11-24 14:29:08.486524,2020-11-24 17:07:43.994496,0 days 02:38:35.507972000,0.84,0.6,3,0.09816342195661212,16,4,247,3,1,0.96,COMPLETE
42,42,0.8189732211500109,2020-11-24 14:35:20.946448,2020-11-24 16:46:49.789801,0 days 02:11:28.843353000,0.79,0.6,3,0.09792455308018921,17,4,265,3,1,0.67,COMPLETE
43,43,0.8253332411945482,2020-11-24 14:52:03.034423,2020-11-24 16:55:06.153997,0 days 02:03:03.119574000,0.59,0.58,3,0.10539948266452356,25,4,270,0,1,0.6799999999999999,COMPLETE
44,44,0.8214105002887166,2020-11-24 15:11:43.433674,2020-11-24 16:08:11.129430,0 days 00:56:27.695756000,0.58,0.5700000000000001,3,0.09531414197737359,25,4,127,1,1,0.64,COMPLETE
45,45,0.8184770528099723,2020-11-24 15:16:33.447585,2020-11-24 16:14:35.739255,0 days 00:58:02.291670000,0.6,0.59,3,0.018100097980158273,25,4,103,0,1,0.67,COMPLETE
46,46,0.8209220668300719,2020-11-24 15:27:50.416364,2020-11-24 16:34:04.288621,0 days 01:06:13.872257000,0.61,0.58,1,0.02069026516283861,24,2,107,1,1,0.66,COMPLETE
47,47,0.8226490925625154,2020-11-24 15:36:21.969708,2020-11-24 20:02:40.253468,0 days 04:26:18.283760000,0.19,0.38,3,0.02004002426876821,25,2,976,1,1,0.9299999999999999,COMPLETE
48,48,0.8243379754198747,2020-11-24 15:55:05.654320,2020-11-24 17:18:41.654005,0 days 01:23:35.999685000,0.61,0.58,1,0.02119897670989245,24,2,137,1,1,0.67,COMPLETE
49,49,0.8206787695207597,2020-11-24 16:08:12.271295,2020-11-24 17:30:34.445087,0 days 01:22:22.173792000,0.65,0.5700000000000001,1,0.019445044506252937,25,2,135,1,1,0.6799999999999999,COMPLETE
50,50,0.8267906835244123,2020-11-24 16:14:36.124741,2020-11-24 21:56:19.673563,0 days 05:41:43.548822000,0.67,0.4,1,0.04289161772646523,17,2,997,1,4,0.69,COMPLETE
51,51,0.8250714249799087,2020-11-24 16:23:49.646011,2020-11-24 20:50:38.939480,0 days 04:26:49.293469000,0.52,0.35,1,0.018898813747111148,17,2,970,1,4,0.56,COMPLETE
52,52,0.8221469636539906,2020-11-24 16:29:45.530574,2020-11-24 21:28:40.064125,0 days 04:58:54.533551000,0.53,0.42000000000000004,1,0.02184813747145059,8,2,965,1,4,0.94,COMPLETE
53,53,0.820935809224394,2020-11-24 16:34:04.628128,2020-11-24 22:06:18.542618,0 days 05:32:13.914490000,0.54,0.37,0,0.012733629461224886,18,2,923,1,4,0.94,COMPLETE
54,54,0.822646683822556,2020-11-24 16:46:50.130262,2020-11-24 21:00:42.707160,0 days 04:13:52.576898000,0.69,0.39,0,0.013178465106503936,8,2,964,1,4,0.5700000000000001,COMPLETE
55,55,0.8206799476886903,2020-11-24 16:48:29.725316,2020-11-24 20:18:05.045380,0 days 03:29:35.320064000,0.51,0.4,0,0.04480783516474046,8,2,997,1,4,0.95,COMPLETE
56,56,0.824597368256659,2020-11-24 16:55:07.847275,2020-11-24 22:18:57.710791,0 days 05:23:49.863516000,0.52,0.37,2,0.04649009797963529,23,2,971,1,0,0.78,COMPLETE
57,57,0.8231333221829106,2020-11-24 17:07:45.041502,2020-11-24 19:30:16.155995,0 days 02:22:31.114493000,0.51,0.33,2,0.021857548215481935,18,2,417,1,0,0.7,COMPLETE
58,58,0.8263028873516156,2020-11-24 17:18:43.024555,2020-11-24 22:37:12.352411,0 days 05:18:29.327856000,0.52,0.39,2,0.04416372369115804,23,2,994,1,0,0.7,COMPLETE
59,59,0.8241041728389258,2020-11-24 17:21:31.182199,2020-11-24 22:37:03.560759,0 days 05:15:32.378560000,0.5,0.42000000000000004,2,0.02297496549232508,23,2,959,1,0,0.7,COMPLETE
60,60,0.8250917182841228,2020-11-24 17:30:35.784660,2020-11-24 22:20:32.559050,0 days 04:49:56.774390000,0.51,0.41000000000000003,2,0.014427899212443203,22,3,972,1,0,0.7,COMPLETE
61,61,0.8243528402033606,2020-11-24 17:39:42.246726,2020-11-24 23:42:14.797132,0 days 06:02:32.550406000,0.52,0.39,2,0.014299230408296464,23,2,995,1,0,0.77,COMPLETE
62,62,0.8262993005297041,2020-11-24 17:52:17.362609,2020-11-25 01:43:44.783052,0 days 07:51:27.420443000,0.52,0.41000000000000003,2,0.013670937761051554,22,2,980,0,0,0.78,COMPLETE
63,63,0.8243582307859294,2020-11-24 18:03:00.450588,2020-11-25 01:23:33.252723,0 days 07:20:32.802135000,0.54,0.39,2,0.013917140306891137,22,2,969,0,0,0.7,COMPLETE
64,64,0.8253320631125964,2020-11-24 19:06:28.658707,2020-11-25 01:30:47.847466,0 days 06:24:19.188759000,0.52,0.37,2,0.012874591815238406,21,3,993,0,0,0.77,COMPLETE
65,65,0.8214230147118696,2020-11-24 19:30:16.840771,2020-11-24 21:52:02.050422,0 days 02:21:45.209651000,0.51,0.37,2,0.013195424398395711,18,2,402,2,0,0.77,COMPLETE
66,66,0.8238507171843855,2020-11-24 20:02:41.230074,2020-11-25 00:30:50.252118,0 days 04:28:09.022044000,0.72,0.32,2,0.013267415574794423,18,1,415,0,0,0.77,COMPLETE
67,67,0.8231327521969932,2020-11-24 20:18:05.703940,2020-11-24 22:09:32.788584,0 days 01:51:27.084644000,0.51,0.30000000000000004,2,0.014118706104331346,21,3,408,2,0,0.77,COMPLETE
68,68,0.8228852482766144,2020-11-24 20:50:39.180240,2020-11-24 23:58:31.102261,0 days 03:07:51.922021000,0.51,0.43000000000000005,2,0.012162931307767808,18,1,416,2,0,0.77,COMPLETE
69,69,0.8231321412421625,2020-11-24 21:00:43.285395,2020-11-24 23:24:23.167655,0 days 02:23:39.882260000,0.5,0.30000000000000004,2,0.011002773429320054,18,1,419,2,0,0.71,COMPLETE
70,70,0.8187430551942114,2020-11-24 21:28:40.482448,2020-11-24 22:57:56.585207,0 days 01:29:16.102759000,0.5,0.31,2,0.01559440900881936,18,1,232,2,0,0.77,COMPLETE
71,71,0.8253290375282563,2020-11-24 21:52:02.426106,2020-11-25 02:52:20.716898,0 days 05:00:18.290792000,0.43000000000000005,0.33,2,0.01453564031610817,21,1,617,0,0,0.7,COMPLETE
72,72,0.8272796985761168,2020-11-24 21:56:20.054249,2020-11-25 02:27:24.201542,0 days 04:31:04.147293000,0.73,0.32,1,0.01554650487080543,21,1,435,0,0,0.71,COMPLETE
73,73,0.8258073183592651,2020-11-24 22:06:18.744268,2020-11-25 00:23:00.146450,0 days 02:16:41.402182000,0.73,0.30000000000000004,1,0.025239729865202325,21,1,220,0,0,0.71,COMPLETE
74,74,0.824594985761738,2020-11-24 22:09:33.154417,2020-11-25 00:08:20.504856,0 days 01:58:47.350439000,0.72,0.32,1,0.02568036308076417,22,1,160,0,0,0.71,COMPLETE
75,75,0.8272779650601649,2020-11-24 22:18:57.992467,2020-11-25 05:29:38.410149,0 days 07:10:40.417682000,0.73,0.51,1,0.02610010749096327,22,1,901,0,2,0.71,COMPLETE
76,76,0.8248400808561784,2020-11-24 22:20:32.896716,2020-11-25 08:00:58.443239,0 days 09:40:25.546523000,0.72,0.52,2,0.06431488215385839,22,1,887,0,0,0.71,COMPLETE
77,77,0.8275188389916213,2020-11-24 22:37:04.117116,2020-11-25 07:32:06.460283,0 days 08:55:02.343167000,0.5700000000000001,0.5,1,0.01632416779445743,20,1,893,0,0,0.75,COMPLETE
78,78,0.8262921590204698,2020-11-24 22:37:12.584983,2020-11-25 08:02:02.299365,0 days 09:24:49.714382000,0.73,0.51,2,0.06406752299028609,21,1,894,0,0,0.71,COMPLETE
79,79,0.827769327527427,2020-11-24 22:57:57.722252,2020-11-25 06:52:39.479200,0 days 07:54:41.756948000,0.5700000000000001,0.52,1,0.06555784252964703,21,1,914,0,0,0.72,COMPLETE
80,80,0.828515937630787,2020-11-24 23:24:23.371598,2020-11-25 03:26:55.041241,0 days 04:02:31.669643000,0.56,0.5,1,0.05047023815535543,21,3,905,0,0,0.64,COMPLETE
81,81,0.8265509642886656,2020-11-24 23:42:16.099250,2020-11-25 03:25:38.247184,0 days 03:43:22.147934000,0.47,0.52,1,0.06024194267325294,21,3,907,0,0,0.64,COMPLETE
82,82,0.8272737526455266,2020-11-24 23:58:31.874821,2020-11-25 04:39:30.229602,0 days 04:40:58.354781000,0.56,0.51,1,0.050795324501667655,21,3,900,0,0,0.72,COMPLETE
83,83,0.8275128813679101,2020-11-25 00:08:20.799653,2020-11-25 06:53:12.629504,0 days 06:44:51.829851000,0.72,0.53,1,0.008333548550636073,21,3,920,0,2,0.72,COMPLETE
84,84,0.8228810943275816,2020-11-25 00:22:58.700972,2020-11-25 04:42:22.750063,0 days 04:19:24.049091000,0.5700000000000001,0.52,1,0.06499135797548096,21,3,904,0,2,0.73,COMPLETE
85,85,0.8114001903391637,2020-11-25 00:23:00.591265,2020-11-25 03:51:53.655660,0 days 03:28:53.064395000,0.56,0.52,1,0.4944618382554953,20,3,876,0,2,0.74,COMPLETE
86,86,0.8238578792210658,2020-11-25 00:30:50.739835,2020-11-25 04:19:58.290816,0 days 03:49:07.550981000,0.5700000000000001,0.51,1,0.05247036816227842,20,3,894,0,2,0.64,COMPLETE
87,87,0.8236151635907925,2020-11-25 00:46:20.677950,2020-11-25 04:37:57.335532,0 days 03:51:36.657582000,0.44000000000000006,0.51,1,0.062145028845957434,20,3,902,0,4,0.74,COMPLETE
88,88,0.8272868547232471,2020-11-25 01:23:35.524398,2020-11-25 06:40:49.123502,0 days 05:17:13.599104000,0.58,0.52,1,0.02673438160015151,21,3,906,0,4,0.72,COMPLETE
89,89,0.8265521598673097,2020-11-25 01:30:48.075474,2020-11-25 07:28:22.630704,0 days 05:57:34.555230000,0.58,0.53,1,0.0074565114437779535,21,3,893,0,4,0.73,COMPLETE
90,90,0.8263076610898036,2020-11-25 01:43:45.255554,2020-11-25 07:34:08.967871,0 days 05:50:23.712317000,0.5700000000000001,0.52,1,0.007895286206242365,20,3,895,0,4,0.74,COMPLETE
91,91,0.8299656362449322,2020-11-25 02:27:24.853546,2020-11-25 08:38:24.785040,0 days 06:10:59.931494000,0.64,0.49,1,0.008085620541512137,20,3,897,0,0,0.74,COMPLETE
92,92,0.8253338083216694,2020-11-25 02:52:21.425918,2020-11-25 09:08:17.721690,0 days 06:15:56.295772000,0.44000000000000006,0.26,1,0.008440550579034879,20,0,632,0,0,0.74,COMPLETE
93,93,0.8270405581606124,2020-11-25 03:25:38.734303,2020-11-25 08:17:29.366926,0 days 04:51:50.632623000,0.5700000000000001,0.45999999999999996,1,0.008625563570848094,20,3,908,0,2,0.74,COMPLETE
94,94,0.820939352132617,2020-11-25 03:26:55.261723,2020-11-25 09:27:09.154835,0 days 06:00:13.893112000,0.65,0.49,1,0.06506051372311067,20,0,908,0,2,0.63,COMPLETE
95,95,0.8250881402105575,2020-11-25 03:51:59.805293,2020-11-25 10:09:35.383175,0 days 06:17:35.577882000,0.38,0.47,1,0.06546637341358526,21,0,902,0,0,0.64,COMPLETE
96,96,0.8233652743166964,2020-11-25 04:19:58.642578,2020-11-25 10:27:24.572510,0 days 06:07:25.929932000,0.64,0.45999999999999996,1,0.06322207258606889,21,0,925,0,0,0.6,COMPLETE
97,97,0.8258150884060012,2020-11-25 04:37:57.762567,2020-11-25 10:26:04.107419,0 days 05:48:06.344852000,0.64,0.47,1,0.008731704577427684,19,0,822,0,0,0.6,COMPLETE
98,98,0.8280400743740625,2020-11-25 04:39:30.901015,2020-11-25 07:55:34.717600,0 days 03:16:03.816585000,0.64,0.44000000000000006,1,0.06937261817191473,21,3,796,0,0,0.64,COMPLETE
99,99,0.8238644302169368,2020-11-25 04:42:22.981424,2020-11-25 08:07:17.920939,0 days 03:24:54.939515000,0.64,0.45000000000000007,1,0.042254128665490776,19,3,801,0,0,0.64,COMPLETE
